Configuring clientsession-0.9.1.2...
Building clientsession-0.9.1.2...
Preprocessing library clientsession-0.9.1.2...
[1 of 2] Compiling System.LookupEnv ( src/System/LookupEnv.hs, .stack-work/dist/x86_64-linux/Cabal-1.24.0.0/build/System/LookupEnv.o )
[2 of 2] Compiling Web.ClientSession ( src/Web/ClientSession.hs, .stack-work/dist/x86_64-linux/Cabal-1.24.0.0/build/Web/ClientSession.o )

src/Web/ClientSession.hs:91:1: warning: [-Wunused-imports]
    The import of ‘Data.Tagged’ is redundant
      except perhaps to import instances from ‘Data.Tagged’
    To import instances alone, use: import Data.Tagged()

src/Web/ClientSession.hs:95:1: warning: [-Wunused-imports]
    The import of ‘Crypto.Random’ is redundant
      except perhaps to import instances from ‘Crypto.Random’
    To import instances alone, use: import Crypto.Random()

src/Web/ClientSession.hs:96:1: warning: [-Wunused-imports]
    The import of ‘Crypto.Types’ is redundant
      except perhaps to import instances from ‘Crypto.Types’
    To import instances alone, use: import Crypto.Types()

src/Web/ClientSession.hs:267:37: warning: [-Wdeprecations]
    In the use of ‘initKey’ (imported from Crypto.Cipher.AES):
    Deprecated: "use initAES"
Preprocessing executable 'clientsession-generate' for clientsession-0.9.1.2...
[1 of 1] Compiling Main             ( bin/generate.hs, .stack-work/dist/x86_64-linux/Cabal-1.24.0.0/build/clientsession-generate/clientsession-generate-tmp/Main.o )
Linking .stack-work/dist/x86_64-linux/Cabal-1.24.0.0/build/clientsession-generate/clientsession-generate ...
Installing library in
/home/lucas/.stack/snapshots/x86_64-linux/lts-7.3/8.0.1/lib/x86_64-linux-ghc-8.0.1/clientsession-0.9.1.2-LrJe5JreqbfDkPGjTwAWUp
Installing executable(s) in
/home/lucas/.stack/snapshots/x86_64-linux/lts-7.3/8.0.1/bin
Registering clientsession-0.9.1.2...
